#-----------------------------------------------------------
# Vivado v2019.2 (64-bit)
# SW Build 2708876 on Wed Nov  6 21:40:23 MST 2019
# IP Build 2700528 on Thu Nov  7 00:09:20 MST 2019
# Start of session at: Sat Oct  1 14:35:09 2022
# Process ID: 16488
# Current directory: C:/Users/beatr/OneDrive - uc.cl/Descargas/Proyecto Base/Proyecto Base
# Command line: vivado.exe -gui_launcher_event rodinguilauncherevent10948 C:\Users\beatr\OneDrive - uc.cl\Descargas\Proyecto Base\Proyecto Base\Proyecto Base.xpr
# Log file: C:/Users/beatr/OneDrive - uc.cl/Descargas/Proyecto Base/Proyecto Base/vivado.log
# Journal file: C:/Users/beatr/OneDrive - uc.cl/Descargas/Proyecto Base/Proyecto Base\vivado.jou
#-----------------------------------------------------------
start_gui
open_project {C:/Users/beatr/OneDrive - uc.cl/Descargas/Proyecto Base/Proyecto Base/Proyecto Base.xpr}
INFO: [Project 1-313] Project file moved from 'D:/User/Desktop/Proyecto/Proyecto Base' since last save.
CRITICAL WARNING: [Project 1-311] Could not find the file 'C:/Users/beatr/OneDrive - uc.cl/Descargas/Proyecto Base/Proyecto Base/Proyecto Base.srcs/sources_1/new/Reg.vhd', nor could it be found using path 'D:/User/Desktop/Proyecto/Proyecto Base/Proyecto Base.srcs/sources_1/new/Reg.vhd'.
Scanning sources...
Finished scanning sources
WARNING: [Project 1-509] GeneratedRun file for 'synth_1' not found
WARNING: [Project 1-509] GeneratedRun file for 'impl_1' not found
WARNING: [filemgmt 56-2] IPUserFilesDir: Could not find the directory 'C:/Users/beatr/OneDrive - uc.cl/Descargas/Proyecto Base/Proyecto Base/Proyecto Base.ip_user_files', nor could it be found using path 'D:/User/Desktop/Proyecto/Proyecto Base/Proyecto Base.ip_user_files'.
INFO: [IP_Flow 19-234] Refreshing IP repositories
INFO: [IP_Flow 19-1704] No user IP repositories specified
INFO: [IP_Flow 19-2313] Loaded Vivado IP repository 'C:/Xilinx/Vivado/2019.2/data/ip'.
open_project: Time (s): cpu = 00:00:27 ; elapsed = 00:00:09 . Memory (MB): peak = 715.266 ; gain = 67.008
update_compile_order -fileset sources_1
add_files -norecurse {{C:/Users/beatr/OneDrive - uc.cl/Descargas/Proyecto Base/Componentes/Etapa 1/Reg.vhd}}
update_compile_order -fileset sources_1
add_files -norecurse {{C:/Users/beatr/OneDrive - uc.cl/Descargas/Proyecto_Base_Actividad_2_con_mis_modificaciones/Proyecto Base Actividad 2/Proyecto Base Actividad 2/Proyecto Base.srcs/sources_1/new/FA.vhd} {C:/Users/beatr/OneDrive - uc.cl/Descargas/Proyecto_Base_Actividad_2_con_mis_modificaciones/Proyecto Base Actividad 2/Proyecto Base Actividad 2/Proyecto Base.srcs/sources_1/new/Adder8.vhd} {C:/Users/beatr/OneDrive - uc.cl/Descargas/Proyecto_Base_Actividad_2_con_mis_modificaciones/Proyecto Base Actividad 2/Proyecto Base Actividad 2/Proyecto Base.srcs/sources_1/new/ALU.vhd} {C:/Users/beatr/OneDrive - uc.cl/Descargas/Proyecto_Base_Actividad_2_con_mis_modificaciones/Proyecto Base Actividad 2/Proyecto Base Actividad 2/Proyecto Base.srcs/sources_1/new/HA.vhd}}
update_compile_order -fileset sources_1
export_ip_user_files -of_objects  [get_files {{C:/Users/beatr/OneDrive - uc.cl/Descargas/Proyecto_Base_Actividad_2_con_mis_modificaciones/Proyecto Base Actividad 2/Proyecto Base Actividad 2/Proyecto Base.srcs/sources_1/new/Adder8.vhd}}] -no_script -reset -force -quiet
remove_files  {{C:/Users/beatr/OneDrive - uc.cl/Descargas/Proyecto_Base_Actividad_2_con_mis_modificaciones/Proyecto Base Actividad 2/Proyecto Base Actividad 2/Proyecto Base.srcs/sources_1/new/Adder8.vhd}}
add_files -norecurse {{C:/Users/beatr/OneDrive - uc.cl/Descargas/Proyecto_Base_Actividad_2_con_mis_modificaciones/Proyecto Base Actividad 2/Proyecto Base Actividad 2/Proyecto Base.srcs/sources_1/new/Adder16.vhd}}
update_compile_order -fileset sources_1
exit
INFO: [Common 17-206] Exiting Vivado at Sat Oct  1 19:50:36 2022...
