#-----------------------------------------------------------
# Vivado v2019.2 (64-bit)
# SW Build 2708876 on Wed Nov  6 21:40:23 MST 2019
# IP Build 2700528 on Thu Nov  7 00:09:20 MST 2019
# Start of session at: Wed Nov 16 14:12:53 2022
# Process ID: 32160
# Current directory: C:/Users/beatr/OneDrive - uc.cl/UC/2022/OCTAVO SEMESTRE/ARQUI/Etapa 3/Proyecto Base
# Command line: vivado.exe -gui_launcher_event rodinguilauncherevent7916 C:\Users\beatr\OneDrive - uc.cl\UC\2022\OCTAVO SEMESTRE\ARQUI\Etapa 3\Proyecto Base\Proyecto Base.xpr
# Log file: C:/Users/beatr/OneDrive - uc.cl/UC/2022/OCTAVO SEMESTRE/ARQUI/Etapa 3/Proyecto Base/vivado.log
# Journal file: C:/Users/beatr/OneDrive - uc.cl/UC/2022/OCTAVO SEMESTRE/ARQUI/Etapa 3/Proyecto Base\vivado.jou
#-----------------------------------------------------------
start_gui
open_project {C:/Users/beatr/OneDrive - uc.cl/UC/2022/OCTAVO SEMESTRE/ARQUI/Etapa 3/Proyecto Base/Proyecto Base.xpr}
INFO: [ProjectBase 1-489] The host OS only allows 260 characters in a normal path. The project is stored in a path with more than 80 characters. If you experience issues with IP, Block Designs, or files not being found, please consider moving the project to a location with a shorter path. Alternately consider using the OS subst command to map part of the path to a drive letter.
Current project path is 'C:/Users/beatr/OneDrive - uc.cl/UC/2022/OCTAVO SEMESTRE/ARQUI/Etapa 3/Proyecto Base'
INFO: [Project 1-313] Project file moved from 'C:/Users/Valentina/Documents/Universidad/14vo Semestre/Arquitectura Computadores/proyecto-grupo-07/Proyecto Base' since last save.
ERROR: [Project 1-208] No val for DA Elab Attr
Scanning sources...
Finished scanning sources
CRITICAL WARNING: [Project 1-532] XML ERROR: Project Option SimulatorInstallDirModelSim has no valid value
CRITICAL WARNING: [Project 1-532] XML ERROR: Project Option SimulatorInstallDirQuesta has no valid value
CRITICAL WARNING: [Project 1-532] XML ERROR: Project Option SimulatorInstallDirXcelium has no valid value
CRITICAL WARNING: [Project 1-532] XML ERROR: Project Option SimulatorInstallDirVCS has no valid value
CRITICAL WARNING: [Project 1-532] XML ERROR: Project Option SimulatorInstallDirRiviera has no valid value
CRITICAL WARNING: [Project 1-532] XML ERROR: Project Option SimulatorInstallDirActiveHdl has no valid value
CRITICAL WARNING: [Project 1-532] XML ERROR: Project Option SimulatorGccInstallDirModelSim has no valid value
CRITICAL WARNING: [Project 1-532] XML ERROR: Project Option SimulatorGccInstallDirQuesta has no valid value
CRITICAL WARNING: [Project 1-532] XML ERROR: Project Option SimulatorGccInstallDirXcelium has no valid value
CRITICAL WARNING: [Project 1-532] XML ERROR: Project Option SimulatorGccInstallDirVCS has no valid value
CRITICAL WARNING: [Project 1-532] XML ERROR: Project Option SimulatorGccInstallDirRiviera has no valid value
CRITICAL WARNING: [Project 1-532] XML ERROR: Project Option SimulatorGccInstallDirActiveHdl has no valid value
CRITICAL WARNING: [Project 1-505] Unrecognized Option Name SimulatorVersionXsim
CRITICAL WARNING: [Project 1-505] Unrecognized Option Name SimulatorVersionModelSim
CRITICAL WARNING: [Project 1-505] Unrecognized Option Name SimulatorVersionQuesta
CRITICAL WARNING: [Project 1-505] Unrecognized Option Name SimulatorVersionXcelium
CRITICAL WARNING: [Project 1-505] Unrecognized Option Name SimulatorVersionVCS
CRITICAL WARNING: [Project 1-505] Unrecognized Option Name SimulatorVersionRiviera
CRITICAL WARNING: [Project 1-505] Unrecognized Option Name SimulatorVersionActiveHdl
CRITICAL WARNING: [Project 1-505] Unrecognized Option Name SimulatorGccVersionXsim
CRITICAL WARNING: [Project 1-505] Unrecognized Option Name SimulatorGccVersionModelSim
CRITICAL WARNING: [Project 1-505] Unrecognized Option Name SimulatorGccVersionQuesta
CRITICAL WARNING: [Project 1-505] Unrecognized Option Name SimulatorGccVersionXcelium
CRITICAL WARNING: [Project 1-505] Unrecognized Option Name SimulatorGccVersionVCS
CRITICAL WARNING: [Project 1-505] Unrecognized Option Name SimulatorGccVersionRiviera
CRITICAL WARNING: [Project 1-505] Unrecognized Option Name SimulatorGccVersionActiveHdl
CRITICAL WARNING: [Project 1-505] Unrecognized Option Name IPDefaultOutputPath
CRITICAL WARNING: [Project 1-505] Unrecognized Option Name EnableResourceEstimation
CRITICAL WARNING: [Project 1-505] Unrecognized Option Name SimCompileState
CRITICAL WARNING: [Project 1-505] Unrecognized Option Name ClassicSocBoot
CRITICAL WARNING: [Project 1-505] Unrecognized Option Name LocalIPRepoLeafDirName
WARNING: [Project 1-231] Project 'Proyecto Base.xpr' was created with a future version and may or may not perform reliably with this version of Vivado. It has been opened in read-only mode for the protection of unrecognized data. Use 'File | Save Project As...' if you wish to alter a copy of the project.
INFO: [IP_Flow 19-234] Refreshing IP repositories
INFO: [IP_Flow 19-1704] No user IP repositories specified
INFO: [IP_Flow 19-2313] Loaded Vivado IP repository 'C:/Xilinx/Vivado/2019.2/data/ip'.
open_project: Time (s): cpu = 00:00:14 ; elapsed = 00:00:07 . Memory (MB): peak = 684.250 ; gain = 12.867
ERROR: [Common 17-39] 'open_project' failed due to earlier errors.
update_compile_order -fileset sources_1
save_project_as project_1 {C:/Users/beatr/OneDrive - uc.cl/UC/2022/OCTAVO SEMESTRE/ARQUI/Etapa 3/Proyecto Base/project_1} -force
INFO: [ProjectBase 1-489] The host OS only allows 260 characters in a normal path. The project is stored in a path with more than 80 characters. If you experience issues with IP, Block Designs, or files not being found, please consider moving the project to a location with a shorter path. Alternately consider using the OS subst command to map part of the path to a drive letter.
Current project path is 'C:/Users/beatr/OneDrive - uc.cl/UC/2022/OCTAVO SEMESTRE/ARQUI/Etapa 3/Proyecto Base/project_1'
save_project_as: Time (s): cpu = 00:00:27 ; elapsed = 00:00:12 . Memory (MB): peak = 791.828 ; gain = 0.000
add_files -norecurse {{C:/Users/beatr/OneDrive - uc.cl/UC/2022/OCTAVO SEMESTRE/ARQUI/Etapa 3/Proyecto Base/Proyecto Base.srcs/sources_1/new/RegLED.vhd} {C:/Users/beatr/OneDrive - uc.cl/UC/2022/OCTAVO SEMESTRE/ARQUI/Etapa 3/Proyecto Base/Proyecto Base.srcs/sources_1/new/RegDis.vhd}}
update_compile_order -fileset sources_1
export_ip_user_files -of_objects  [get_files {{C:/Users/beatr/OneDrive - uc.cl/UC/2022/OCTAVO SEMESTRE/ARQUI/Etapa 3/Proyecto Base/Proyecto Base.srcs/sources_1/new/RegDis.vhd}}] -no_script -reset -force -quiet
remove_files  {{C:/Users/beatr/OneDrive - uc.cl/UC/2022/OCTAVO SEMESTRE/ARQUI/Etapa 3/Proyecto Base/Proyecto Base.srcs/sources_1/new/RegDis.vhd}}
export_ip_user_files -of_objects  [get_files {{C:/Users/beatr/OneDrive - uc.cl/UC/2022/OCTAVO SEMESTRE/ARQUI/Etapa 3/Proyecto Base/Proyecto Base.srcs/sources_1/new/RegLED.vhd}}] -no_script -reset -force -quiet
remove_files  {{C:/Users/beatr/OneDrive - uc.cl/UC/2022/OCTAVO SEMESTRE/ARQUI/Etapa 3/Proyecto Base/Proyecto Base.srcs/sources_1/new/RegLED.vhd}}
update_compile_order -fileset sources_1
update_compile_order -fileset sources_1
update_compile_order -fileset sources_1
update_compile_order -fileset sources_1
launch_runs synth_1 -jobs 16
[Wed Nov 16 15:08:07 2022] Launched synth_1...
Run output will be captured here: C:/Users/beatr/OneDrive - uc.cl/UC/2022/OCTAVO SEMESTRE/ARQUI/Etapa 3/Proyecto Base/project_1/project_1.runs/synth_1/runme.log
reset_run synth_1
launch_runs synth_1 -jobs 16
[Wed Nov 16 15:09:53 2022] Launched synth_1...
Run output will be captured here: C:/Users/beatr/OneDrive - uc.cl/UC/2022/OCTAVO SEMESTRE/ARQUI/Etapa 3/Proyecto Base/project_1/project_1.runs/synth_1/runme.log
reset_run synth_1
launch_runs synth_1 -jobs 16
[Wed Nov 16 15:12:37 2022] Launched synth_1...
Run output will be captured here: C:/Users/beatr/OneDrive - uc.cl/UC/2022/OCTAVO SEMESTRE/ARQUI/Etapa 3/Proyecto Base/project_1/project_1.runs/synth_1/runme.log
reset_run synth_1
launch_runs synth_1 -jobs 16
CRITICAL WARNING: [HDL 9-806] Syntax error near "end". [C:/Users/beatr/OneDrive - uc.cl/UC/2022/OCTAVO SEMESTRE/ARQUI/Etapa 3/Proyecto Base/project_1/project_1.srcs/sources_1/new/Basys3.vhd:94]
[Wed Nov 16 15:13:42 2022] Launched synth_1...
Run output will be captured here: C:/Users/beatr/OneDrive - uc.cl/UC/2022/OCTAVO SEMESTRE/ARQUI/Etapa 3/Proyecto Base/project_1/project_1.runs/synth_1/runme.log
reset_run synth_1
launch_runs synth_1 -jobs 16
[Wed Nov 16 15:13:57 2022] Launched synth_1...
Run output will be captured here: C:/Users/beatr/OneDrive - uc.cl/UC/2022/OCTAVO SEMESTRE/ARQUI/Etapa 3/Proyecto Base/project_1/project_1.runs/synth_1/runme.log
reset_run synth_1
WARNING: [Vivado 12-1017] Problems encountered:
1. PID not specified

launch_runs synth_1 -jobs 16
[Wed Nov 16 15:14:01 2022] Launched synth_1...
Run output will be captured here: C:/Users/beatr/OneDrive - uc.cl/UC/2022/OCTAVO SEMESTRE/ARQUI/Etapa 3/Proyecto Base/project_1/project_1.runs/synth_1/runme.log
reset_run synth_1
launch_runs synth_1 -jobs 16
[Wed Nov 16 15:15:08 2022] Launched synth_1...
Run output will be captured here: C:/Users/beatr/OneDrive - uc.cl/UC/2022/OCTAVO SEMESTRE/ARQUI/Etapa 3/Proyecto Base/project_1/project_1.runs/synth_1/runme.log
launch_runs impl_1 -jobs 16
[Wed Nov 16 15:16:02 2022] Launched impl_1...
Run output will be captured here: C:/Users/beatr/OneDrive - uc.cl/UC/2022/OCTAVO SEMESTRE/ARQUI/Etapa 3/Proyecto Base/project_1/project_1.runs/impl_1/runme.log
reset_run synth_1
launch_runs synth_1 -jobs 16
[Wed Nov 16 15:19:34 2022] Launched synth_1...
Run output will be captured here: C:/Users/beatr/OneDrive - uc.cl/UC/2022/OCTAVO SEMESTRE/ARQUI/Etapa 3/Proyecto Base/project_1/project_1.runs/synth_1/runme.log
launch_runs impl_1 -jobs 16
[Wed Nov 16 15:20:25 2022] Launched impl_1...
Run output will be captured here: C:/Users/beatr/OneDrive - uc.cl/UC/2022/OCTAVO SEMESTRE/ARQUI/Etapa 3/Proyecto Base/project_1/project_1.runs/impl_1/runme.log
launch_runs impl_1 -to_step write_bitstream -jobs 16
[Wed Nov 16 15:22:28 2022] Launched impl_1...
Run output will be captured here: C:/Users/beatr/OneDrive - uc.cl/UC/2022/OCTAVO SEMESTRE/ARQUI/Etapa 3/Proyecto Base/project_1/project_1.runs/impl_1/runme.log
exit
INFO: [Common 17-206] Exiting Vivado at Wed Nov 16 17:26:48 2022...
